<?xml version="1.0" encoding="UTF-8"?>
<!-- Generated by org.testng.reporters.JUnitXMLReporter -->
<testsuite hostname="DESKTOP-VF09DEB" ignored="0" name="Free CRM App Test cases" tests="5" failures="1" timestamp="2020-09-06T17:26:52 MDT" time="85.02" errors="0">
  <testcase name="loginPageTitleTest" time="0.157" classname="com.crm.qa.testcases.LoginTest"/>
  <testcase name="crmLogoImageTest" time="0.717" classname="com.crm.qa.testcases.LoginTest"/>
  <testcase name="loginTest" time="6.487" classname="com.crm.qa.testcases.LoginTest"/>
  <testcase name="goToContactsPageTest" time="3.592" classname="com.crm.qa.testcases.HomePageTest"/>
  <testcase name="verifyLoggedInUserTest" time="1.797" classname="com.crm.qa.testcases.HomePageTest">
    <failure type="org.junit.ComparisonFailure" message="Savita Kadekodi expected:&amp;lt;[Savita Kadekodi]&amp;gt; but was:&amp;lt;[Incorrect username]&amp;gt;">
      <![CDATA[org.junit.ComparisonFailure: Savita Kadekodi expected:<[Savita Kadekodi]> but was:<[Incorrect username]>
at org.junit.Assert.assertEquals(Assert.java:115)
at com.crm.qa.testcases.HomePageTest.verifyLoggedInUserTest(HomePageTest.java:39)
at java.util.ArrayList.forEach(Unknown Source)
... Removed 27 stack frames]]>
    </failure>
  </testcase> <!-- verifyLoggedInUserTest -->
</testsuite> <!-- Free CRM App Test cases -->
