<?xml version="1.0" encoding="UTF-8"?>
<testng-results skipped="0" failed="0" ignored="0" total="1" passed="1">
  <reporter-output>
  </reporter-output>
  <suite name="Default suite" duration-ms="12858" started-at="2020-10-25T15:47:26 MDT" finished-at="2020-10-25T15:47:38 MDT">
    <groups>
    </groups>
    <test name="Default test" duration-ms="12858" started-at="2020-10-25T15:47:26 MDT" finished-at="2020-10-25T15:47:38 MDT">
      <class name="com.crm.qa.testcases.LoginTest">
        <test-method status="PASS" signature="setUp()[pri:0, instance:com.crm.qa.testcases.LoginTest@4232c52b]" name="setUp" is-config="true" duration-ms="9339" started-at="2020-10-25T15:47:26 MDT" finished-at="2020-10-25T15:47:35 MDT">
          <reporter-output>
          </reporter-output>
        </test-method> <!-- setUp -->
        <test-method status="PASS" signature="verifyLoginButtinText()[pri:6, instance:com.crm.qa.testcases.LoginTest@4232c52b]" name="verifyLoginButtinText" duration-ms="3431" started-at="2020-10-25T15:47:35 MDT" finished-at="2020-10-25T15:47:38 MDT">
          <reporter-output>
          </reporter-output>
        </test-method> <!-- verifyLoginButtinText -->
      </class> <!-- com.crm.qa.testcases.LoginTest -->
    </test> <!-- Default test -->
  </suite> <!-- Default suite -->
</testng-results>
