<?xml version="1.0" encoding="UTF-8"?>
<testng-results skipped="0" failed="0" ignored="0" total="1" passed="1">
  <reporter-output>
  </reporter-output>
  <suite name="Default suite" duration-ms="13382" started-at="2020-10-27T14:23:29 MDT" finished-at="2020-10-27T14:23:43 MDT">
    <groups>
    </groups>
    <test name="Default test" duration-ms="13382" started-at="2020-10-27T14:23:29 MDT" finished-at="2020-10-27T14:23:43 MDT">
      <class name="com.crm.qa.testcases.LoginTest">
        <test-method status="PASS" signature="setUp()[pri:0, instance:com.crm.qa.testcases.LoginTest@4232c52b]" name="setUp" is-config="true" duration-ms="9796" started-at="2020-10-27T14:23:29 MDT" finished-at="2020-10-27T14:23:39 MDT">
          <reporter-output>
          </reporter-output>
        </test-method> <!-- setUp -->
        <test-method status="PASS" signature="getLoginPageFontSize()[pri:0, instance:com.crm.qa.testcases.LoginTest@4232c52b]" name="getLoginPageFontSize" duration-ms="3520" started-at="2020-10-27T14:23:39 MDT" finished-at="2020-10-27T14:23:43 MDT">
          <reporter-output>
          </reporter-output>
        </test-method> <!-- getLoginPageFontSize -->
      </class> <!-- com.crm.qa.testcases.LoginTest -->
    </test> <!-- Default test -->
  </suite> <!-- Default suite -->
</testng-results>
